# JRE version: Java(TM) SE Runtime Environment (8.0_31-b13) (build 1.8.0_31-b13)
# Java VM: Java HotSpot(TM) 64-Bit Server VM (25.31-b07 mixed mode windows-amd64 compressed oops)
Heap:
 PSYoungGen      total 283648K, used 230903K [0x00000000eab00000, 0x0000000100000000, 0x0000000100000000)
  eden space 227328K, 100% used [0x00000000eab00000,0x00000000f8900000,0x00000000f8900000)
  from space 56320K, 6% used [0x00000000fc900000,0x00000000fcc7de20,0x0000000100000000)
  to   space 60928K, 0% used [0x00000000f8900000,0x00000000f8900000,0x00000000fc480000)
 ParOldGen       total 152576K, used 152173K [0x00000000c0000000, 0x00000000c9500000, 0x00000000eab00000)
  object space 152576K, 99% used [0x00000000c0000000,0x00000000c949b498,0x00000000c9500000)
 Metaspace       used 138111K, capacity 145414K, committed 145920K, reserved 1173504K
  class space    used 18965K, capacity 21546K, committed 21760K, reserved 1048576K
GC Heap History (10 events):
Event: 4349.584 GC heap after
Heap after GC invocations=43 (full 10):
 PSYoungGen      total 297472K, used 0K [0x00000000eab00000, 0x0000000100000000, 0x0000000100000000)
  eden space 251904K, 0% used [0x00000000eab00000,0x00000000eab00000,0x00000000fa100000)
  from space 45568K, 0% used [0x00000000fa100000,0x00000000fa100000,0x00000000fcd80000)
  to   space 51712K, 0% used [0x00000000fcd80000,0x00000000fcd80000,0x0000000100000000)
 ParOldGen       total 152576K, used 132092K [0x00000000c0000000, 0x00000000c9500000, 0x00000000eab00000)
  object space 152576K, 86% used [0x00000000c0000000,0x00000000c80ff2b8,0x00000000c9500000)
 Metaspace       used 113589K, capacity 119100K, committed 119680K, reserved 1150976K
  class space    used 15472K, capacity 17367K, committed 17536K, reserved 1048576K
}
Event: 4403.415 GC heap before
{Heap before GC invocations=44 (full 10):
 PSYoungGen      total 297472K, used 251904K [0x00000000eab00000, 0x0000000100000000, 0x0000000100000000)
  eden space 251904K, 100% used [0x00000000eab00000,0x00000000fa100000,0x00000000fa100000)
  from space 45568K, 0% used [0x00000000fa100000,0x00000000fa100000,0x00000000fcd80000)
  to   space 51712K, 0% used [0x00000000fcd80000,0x00000000fcd80000,0x0000000100000000)
 ParOldGen       total 152576K, used 132092K [0x00000000c0000000, 0x00000000c9500000, 0x00000000eab00000)
  object space 152576K, 86% used [0x00000000c0000000,0x00000000c80ff2b8,0x00000000c9500000)
 Metaspace       used 121218K, capacity 127634K, committed 127872K, reserved 1159168K
  class space    used 16591K, capacity 18812K, committed 18816K, reserved 1048576K
Event: 4403.440 GC heap after
Heap after GC invocations=44 (full 10):
 PSYoungGen      total 293376K, used 27926K [0x00000000eab00000, 0x0000000100000000, 0x0000000100000000)
  eden space 241664K, 0% used [0x00000000eab00000,0x00000000eab00000,0x00000000f9700000)
  from space 51712K, 54% used [0x00000000fcd80000,0x00000000fe8c5828,0x0000000100000000)
  to   space 53760K, 0% used [0x00000000f9700000,0x00000000f9700000,0x00000000fcb80000)
 ParOldGen       total 152576K, used 132100K [0x00000000c0000000, 0x00000000c9500000, 0x00000000eab00000)
  object space 152576K, 86% used [0x00000000c0000000,0x00000000c81012b8,0x00000000c9500000)
 Metaspace       used 121218K, capacity 127634K, committed 127872K, reserved 1159168K
  class space    used 16591K, capacity 18812K, committed 18816K, reserved 1048576K
}
Event: 4756.560 GC heap before
{Heap before GC invocations=45 (full 10):
 PSYoungGen      total 293376K, used 269590K [0x00000000eab00000, 0x0000000100000000, 0x0000000100000000)
  eden space 241664K, 100% used [0x00000000eab00000,0x00000000f9700000,0x00000000f9700000)
  from space 51712K, 54% used [0x00000000fcd80000,0x00000000fe8c5828,0x0000000100000000)
  to   space 53760K, 0% used [0x00000000f9700000,0x00000000f9700000,0x00000000fcb80000)
 ParOldGen       total 152576K, used 132100K [0x00000000c0000000, 0x00000000c9500000, 0x00000000eab00000)
  object space 152576K, 86% used [0x00000000c0000000,0x00000000c81012b8,0x00000000c9500000)
 Metaspace       used 128464K, capacity 135504K, committed 135680K, reserved 1165312K
  class space    used 17670K, capacity 20178K, committed 20224K, reserved 1048576K
Event: 4756.596 GC heap after
Heap after GC invocations=45 (full 10):
 PSYoungGen      total 280064K, used 38217K [0x00000000eab00000, 0x0000000100000000, 0x0000000100000000)
  eden space 241664K, 0% used [0x00000000eab00000,0x00000000eab00000,0x00000000f9700000)
  from space 38400K, 99% used [0x00000000f9700000,0x00000000fbc52610,0x00000000fbc80000)
  to   space 56320K, 0% used [0x00000000fc900000,0x00000000fc900000,0x0000000100000000)
 ParOldGen       total 152576K, used 132108K [0x00000000c0000000, 0x00000000c9500000, 0x00000000eab00000)
  object space 152576K, 86% used [0x00000000c0000000,0x00000000c81032b8,0x00000000c9500000)
 Metaspace       used 128464K, capacity 135504K, committed 135680K, reserved 1165312K
  class space    used 17670K, capacity 20178K, committed 20224K, reserved 1048576K
}
Event: 4761.773 GC heap before
{Heap before GC invocations=46 (full 10):
 PSYoungGen      total 280064K, used 256322K [0x00000000eab00000, 0x0000000100000000, 0x0000000100000000)
  eden space 241664K, 90% used [0x00000000eab00000,0x00000000f7ffe4a0,0x00000000f9700000)
  from space 38400K, 99% used [0x00000000f9700000,0x00000000fbc52610,0x00000000fbc80000)
  to   space 56320K, 0% used [0x00000000fc900000,0x00000000fc900000,0x0000000100000000)
 ParOldGen       total 152576K, used 132108K [0x00000000c0000000, 0x00000000c9500000, 0x00000000eab00000)
  object space 152576K, 86% used [0x00000000c0000000,0x00000000c81032b8,0x00000000c9500000)
 Metaspace       used 131411K, capacity 138706K, committed 138752K, reserved 1167360K
  class space    used 18145K, capacity 20726K, committed 20736K, reserved 1048576K
Event: 4761.821 GC heap after
Heap after GC invocations=46 (full 10):
 PSYoungGen      total 283648K, used 45263K [0x00000000eab00000, 0x0000000100000000, 0x0000000100000000)
  eden space 227328K, 0% used [0x00000000eab00000,0x00000000eab00000,0x00000000f8900000)
  from space 56320K, 80% used [0x00000000fc900000,0x00000000ff533d70,0x0000000100000000)
  to   space 60928K, 0% used [0x00000000f8900000,0x00000000f8900000,0x00000000fc480000)
 ParOldGen       total 152576K, used 132108K [0x00000000c0000000, 0x00000000c9500000, 0x00000000eab00000)
  object space 152576K, 86% used [0x00000000c0000000,0x00000000c81032b8,0x00000000c9500000)
 Metaspace       used 131411K, capacity 138706K, committed 138752K, reserved 1167360K
  class space    used 18145K, capacity 20726K, committed 20736K, reserved 1048576K
}
Event: 4761.821 GC heap before
{Heap before GC invocations=47 (full 11):
 PSYoungGen      total 283648K, used 45263K [0x00000000eab00000, 0x0000000100000000, 0x0000000100000000)
  eden space 227328K, 0% used [0x00000000eab00000,0x00000000eab00000,0x00000000f8900000)
  from space 56320K, 80% used [0x00000000fc900000,0x00000000ff533d70,0x0000000100000000)
  to   space 60928K, 0% used [0x00000000f8900000,0x00000000f8900000,0x00000000fc480000)
 ParOldGen       total 152576K, used 132108K [0x00000000c0000000, 0x00000000c9500000, 0x00000000eab00000)
  object space 152576K, 86% used [0x00000000c0000000,0x00000000c81032b8,0x00000000c9500000)
 Metaspace       used 131411K, capacity 138706K, committed 138752K, reserved 1167360K
  class space    used 18145K, capacity 20726K, committed 20736K, reserved 1048576K
Event: 4762.531 GC heap after
Heap after GC invocations=47 (full 11):
 PSYoungGen      total 283648K, used 3575K [0x00000000eab00000, 0x0000000100000000, 0x0000000100000000)
  eden space 227328K, 0% used [0x00000000eab00000,0x00000000eab00000,0x00000000f8900000)
  from space 56320K, 6% used [0x00000000fc900000,0x00000000fcc7de20,0x0000000100000000)
  to   space 60928K, 0% used [0x00000000f8900000,0x00000000f8900000,0x00000000fc480000)
 ParOldGen       total 152576K, used 152173K [0x00000000c0000000, 0x00000000c9500000, 0x00000000eab00000)
  object space 152576K, 99% used [0x00000000c0000000,0x00000000c949b498,0x00000000c9500000)
 Metaspace       used 130776K, capacity 137260K, committed 138752K, reserved 1167360K
  class space    used 17896K, capacity 20184K, committed 20736K, reserved 1048576K
}
Event: 9456.204 GC heap before
{Heap before GC invocations=48 (full 12):
 PSYoungGen      total 283648K, used 230903K [0x00000000eab00000, 0x0000000100000000, 0x0000000100000000)
  eden space 227328K, 100% used [0x00000000eab00000,0x00000000f8900000,0x00000000f8900000)
  from space 56320K, 6% used [0x00000000fc900000,0x00000000fcc7de20,0x0000000100000000)
  to   space 60928K, 0% used [0x00000000f8900000,0x00000000f8900000,0x00000000fc480000)
 ParOldGen       total 152576K, used 152173K [0x00000000c0000000, 0x00000000c9500000, 0x00000000eab00000)
  object space 152576K, 99% used [0x00000000c0000000,0x00000000c949b498,0x00000000c9500000)
 Metaspace       used 138111K, capacity 145414K, committed 145920K, reserved 1173504K
  class space    used 18965K, capacity 21546K, committed 21760K, reserved 1048576K

